Using pre-set license
Built from '2020.3/staging' branch; Version is '2020.3.48f1 (b805b124c6b7) revision 12060081'; Using compiler version '192528614'; Build Type 'Release'
OS: 'Windows 11  (10.0.22621) 64bit Professional' Language: 'en' Physical Memory: 32337 MB
BatchMode: 1, IsHumanControllingUs: 0, StartBugReporterOnCrash: 0, Is64bit: 1, IsPro: 0

COMMAND LINE ARGUMENTS:
C:\Program Files\Unity\Hub\Editor\2020.3.48f1\Editor\Unity.exe
-adb2
-batchMode
-noUpm
-name
AssetImportWorker0
-projectPath
D:/Projects/Games/2D-Redemption
-logFile
Logs/AssetImportWorker0.log
-srvPort
52479
Successfully changed project path to: D:/Projects/Games/2D-Redemption
D:/Projects/Games/2D-Redemption
Using Asset Import Pipeline V2.
Player connection [51428] Host "[IP] 10.20.101.87 [Port] 1073959392 [Flags] 2 [Guid] 641998767 [EditorId] 641998767 [Version] 1048832 [Id] WindowsEditor(7,NUC-01) [Debug] 1 [PackageName] WindowsEditor [ProjectName] Editor" joined multi-casting on [225.0.0.222:54997]...

Player connection [51428] Host "[IP] 10.20.101.87 [Port] 1073959392 [Flags] 2 [Guid] 641998767 [EditorId] 641998767 [Version] 1048832 [Id] WindowsEditor(7,NUC-01) [Debug] 1 [PackageName] WindowsEditor [ProjectName] Editor" joined alternative multi-casting on [225.0.0.222:34997]...

Refreshing native plugins compatible for Editor in 38.44 ms, found 2 plugins.
Preloading 0 native plugins for Editor in 0.00 ms.
Initialize engine version: 2020.3.48f1 (b805b124c6b7)
[Subsystems] Discovering subsystems at path C:/Program Files/Unity/Hub/Editor/2020.3.48f1/Editor/Data/Resources/UnitySubsystems
[Subsystems] Discovering subsystems at path D:/Projects/Games/2D-Redemption/Assets
GfxDevice: creating device client; threaded=0
Direct3D:
    Version:  Direct3D 11.0 [level 11.1]
    Renderer: NVIDIA GeForce RTX 3080 (ID=0x2216)
    Vendor:   
    VRAM:     10078 MB
    Driver:   30.0.14.7212
Initialize mono
Mono path[0] = 'C:/Program Files/Unity/Hub/Editor/2020.3.48f1/Editor/Data/Managed'
Mono path[1] = 'C:/Program Files/Unity/Hub/Editor/2020.3.48f1/Editor/Data/MonoBleedingEdge/lib/mono/unityjit'
Mono config path = 'C:/Program Files/Unity/Hub/Editor/2020.3.48f1/Editor/Data/MonoBleedingEdge/etc'
Using monoOptions --debugger-agent=transport=dt_socket,embedding=1,server=y,suspend=n,address=127.0.0.1:56816
Begin MonoManager ReloadAssembly
Registering precompiled unity dll's ...
Register platform support module: C:/Program Files/Unity/Hub/Editor/2020.3.48f1/Editor/Data/PlaybackEngines/WindowsStandaloneSupport/UnityEditor.WindowsStandalone.Extensions.dll
Registered in 0.002819 seconds.
Native extension for WindowsStandalone target not found
Refreshing native plugins compatible for Editor in 38.43 ms, found 2 plugins.
Preloading 0 native plugins for Editor in 0.00 ms.
Mono: successfully reloaded assembly
- Completed reload, in  0.668 seconds
Domain Reload Profiling:
	ReloadAssembly (668ms)
		BeginReloadAssembly (63ms)
			ExecutionOrderSort (0ms)
			DisableScriptedObjects (0ms)
			BackupInstance (0ms)
			ReleaseScriptingObjects (0ms)
			CreateAndSetChildDomain (0ms)
		EndReloadAssembly (435ms)
			LoadAssemblies (60ms)
			RebuildTransferFunctionScriptingTraits (0ms)
			SetupTypeCache (216ms)
			ReleaseScriptCaches (0ms)
			RebuildScriptCaches (16ms)
			SetupLoadedEditorAssemblies (117ms)
				LogAssemblyErrors (0ms)
				InitializePlatformSupportModulesInManaged (3ms)
				SetLoadedEditorAssemblies (0ms)
				RefreshPlugins (38ms)
				BeforeProcessingInitializeOnLoad (5ms)
				ProcessInitializeOnLoadAttributes (47ms)
				ProcessInitializeOnLoadMethodAttributes (23ms)
				AfterProcessingInitializeOnLoad (0ms)
				EditorAssembliesLoaded (0ms)
			ExecutionOrderSort2 (0ms)
			AwakeInstancesAfterBackupRestoration (0ms)
Platform modules already initialized, skipping
Registering precompiled user dll's ...
Registered in 0.002931 seconds.
Begin MonoManager ReloadAssembly
Native extension for WindowsStandalone target not found
Refreshing native plugins compatible for Editor in 0.48 ms, found 2 plugins.
Preloading 0 native plugins for Editor in 0.00 ms.
Mirror | mirror-networking.com | discord.gg/N9QVxbM
UnityEngine.StackTraceUtility:ExtractStackTrace ()
UnityEngine.DebugLogHandler:LogFormat (UnityEngine.LogType,UnityEngine.Object,string,object[])
UnityEngine.Logger:Log (UnityEngine.LogType,object)
UnityEngine.Debug:Log (object)
Mirror.Welcome:OnInitializeOnLoad () (at Assets/Mirror/Editor/Welcome.cs:18)
System.Reflection.MonoMethod:Invoke (object,System.Reflection.BindingFlags,System.Reflection.Binder,object[],System.Globalization.CultureInfo)
System.Reflection.MethodBase:Invoke (object,object[])
UnityEditor.EditorAssemblies:ProcessInitializeOnLoadMethodAttributes ()

(Filename: Assets/Mirror/Editor/Welcome.cs Line: 18)

Mono: successfully reloaded assembly
- Completed reload, in  0.765 seconds
Domain Reload Profiling:
	ReloadAssembly (770ms)
		BeginReloadAssembly (111ms)
			ExecutionOrderSort (0ms)
			DisableScriptedObjects (3ms)
			BackupInstance (0ms)
			ReleaseScriptingObjects (0ms)
			CreateAndSetChildDomain (12ms)
		EndReloadAssembly (616ms)
			LoadAssemblies (81ms)
			RebuildTransferFunctionScriptingTraits (0ms)
			SetupTypeCache (190ms)
			ReleaseScriptCaches (0ms)
			RebuildScriptCaches (25ms)
			SetupLoadedEditorAssemblies (287ms)
				LogAssemblyErrors (0ms)
				InitializePlatformSupportModulesInManaged (3ms)
				SetLoadedEditorAssemblies (0ms)
				RefreshPlugins (1ms)
				BeforeProcessingInitializeOnLoad (41ms)
				ProcessInitializeOnLoadAttributes (219ms)
				ProcessInitializeOnLoadMethodAttributes (13ms)
				AfterProcessingInitializeOnLoad (9ms)
				EditorAssembliesLoaded (0ms)
			ExecutionOrderSort2 (0ms)
			AwakeInstancesAfterBackupRestoration (1ms)
Platform modules already initialized, skipping
========================================================================
Worker process is ready to serve import requests
Launched and connected shader compiler UnityShaderCompiler.exe after 0.08 seconds
Refreshing native plugins compatible for Editor in 0.62 ms, found 2 plugins.
Preloading 0 native plugins for Editor in 0.00 ms.
Unloading 1661 Unused Serialized files (Serialized files now loaded: 0)
System memory in use before: 77.6 MB.
System memory in use after: 77.7 MB.

Unloading 22 unused Assets to reduce memory usage. Loaded Objects now: 2092.
Total: 1.839500 ms (FindLiveObjects: 0.083300 ms CreateObjectMapping: 0.029600 ms MarkObjects: 1.655700 ms  DeleteObjects: 0.070000 ms)

AssetImportParameters requested are different than current active one (requested -> active):
  custom:framework-win-MediaFoundation: 216162199b28c13a410421893ffa2e32 -> 
  custom:video-decoder-ogg-theora: a1e56fd34408186e4bbccfd4996cb3dc -> 
  custom:container-muxer-webm: aa71ff27fc2769a1b78a27578f13a17b -> 
  custom:container-demuxer-webm: 4f35f7cbe854078d1ac9338744f61a02 -> 
  custom:container-demuxer-ogg: 62fdf1f143b41e24485cea50d1cbac27 -> 
  custom:video-encoder-webm-vp8: eb34c28f22e8b96e1ab97ce403110664 -> 
  custom:video-codec-MediaFoundation-h265: 746d11721c4dcdbdad8f713fa42b33f4 -> 
  custom:video-decoder-webm-vp8: 9c59270c3fd7afecdb556c50c9e8de78 -> 
  custom:audio-decoder-ogg-vorbis: bf7c407c2cedff20999df2af8eb42d56 -> 
  custom:audio-encoder-webm-vorbis: bf7c407c2cedff20999df2af8eb42d56 -> 
========================================================================
Received Import Request.
  path: Assets/Plugins
  artifactKey: Guid(fd5ce71b6e1db3c43835cbe128cb8df8) Importer(815301076,1909f56bfc062723c751e8b465ee728b)
Start importing Assets/Plugins using Guid(fd5ce71b6e1db3c43835cbe128cb8df8) Importer(815301076,1909f56bfc062723c751e8b465ee728b)  -> (artifact id: 'e3f563c282fdef606f7064070ba66a3b') in 0.007918 seconds 
========================================================================
Received Prepare
Refreshing native plugins compatible for Editor in 2.38 ms, found 2 plugins.
Preloading 0 native plugins for Editor in 0.00 ms.
Unloading 15 Unused Serialized files (Serialized files now loaded: 0)
System memory in use before: 44.2 MB.
System memory in use after: 44.3 MB.

Unloading 15 unused Assets to reduce memory usage. Loaded Objects now: 2092.
Total: 2.042700 ms (FindLiveObjects: 0.087100 ms CreateObjectMapping: 0.024700 ms MarkObjects: 1.895900 ms  DeleteObjects: 0.034300 ms)

AssetImportParameters requested are different than current active one (requested -> active):
  custom:framework-win-MediaFoundation: 216162199b28c13a410421893ffa2e32 -> 
  custom:video-decoder-ogg-theora: a1e56fd34408186e4bbccfd4996cb3dc -> 
  custom:container-muxer-webm: aa71ff27fc2769a1b78a27578f13a17b -> 
  custom:container-demuxer-webm: 4f35f7cbe854078d1ac9338744f61a02 -> 
  custom:container-demuxer-ogg: 62fdf1f143b41e24485cea50d1cbac27 -> 
  custom:video-encoder-webm-vp8: eb34c28f22e8b96e1ab97ce403110664 -> 
  custom:video-codec-MediaFoundation-h265: 746d11721c4dcdbdad8f713fa42b33f4 -> 
  custom:video-decoder-webm-vp8: 9c59270c3fd7afecdb556c50c9e8de78 -> 
  custom:audio-decoder-ogg-vorbis: bf7c407c2cedff20999df2af8eb42d56 -> 
  custom:audio-encoder-webm-vorbis: bf7c407c2cedff20999df2af8eb42d56 -> 
========================================================================
Received Prepare
Registering precompiled user dll's ...
Registered in 0.002238 seconds.
Begin MonoManager ReloadAssembly
Native extension for WindowsStandalone target not found
Refreshing native plugins compatible for Editor in 0.46 ms, found 2 plugins.
Preloading 0 native plugins for Editor in 0.00 ms.
Mono: successfully reloaded assembly
- Completed reload, in  0.585 seconds
Domain Reload Profiling:
	ReloadAssembly (586ms)
		BeginReloadAssembly (90ms)
			ExecutionOrderSort (0ms)
			DisableScriptedObjects (2ms)
			BackupInstance (0ms)
			ReleaseScriptingObjects (0ms)
			CreateAndSetChildDomain (20ms)
		EndReloadAssembly (453ms)
			LoadAssemblies (77ms)
			RebuildTransferFunctionScriptingTraits (0ms)
			SetupTypeCache (159ms)
			ReleaseScriptCaches (1ms)
			RebuildScriptCaches (19ms)
			SetupLoadedEditorAssemblies (173ms)
				LogAssemblyErrors (0ms)
				InitializePlatformSupportModulesInManaged (3ms)
				SetLoadedEditorAssemblies (0ms)
				RefreshPlugins (1ms)
				BeforeProcessingInitializeOnLoad (33ms)
				ProcessInitializeOnLoadAttributes (118ms)
				ProcessInitializeOnLoadMethodAttributes (10ms)
				AfterProcessingInitializeOnLoad (8ms)
				EditorAssembliesLoaded (0ms)
			ExecutionOrderSort2 (0ms)
			AwakeInstancesAfterBackupRestoration (1ms)
Platform modules already initialized, skipping
Refreshing native plugins compatible for Editor in 0.45 ms, found 2 plugins.
Preloading 0 native plugins for Editor in 0.00 ms.
Unloading 1656 Unused Serialized files (Serialized files now loaded: 0)
System memory in use before: 77.5 MB.
System memory in use after: 77.6 MB.

Unloading 17 unused Assets to reduce memory usage. Loaded Objects now: 2095.
Total: 1.608200 ms (FindLiveObjects: 0.064700 ms CreateObjectMapping: 0.019900 ms MarkObjects: 1.484200 ms  DeleteObjects: 0.038900 ms)

AssetImportParameters requested are different than current active one (requested -> active):
  custom:framework-win-MediaFoundation: 216162199b28c13a410421893ffa2e32 -> 
  custom:video-decoder-ogg-theora: a1e56fd34408186e4bbccfd4996cb3dc -> 
  custom:container-muxer-webm: aa71ff27fc2769a1b78a27578f13a17b -> 
  custom:container-demuxer-webm: 4f35f7cbe854078d1ac9338744f61a02 -> 
  custom:container-demuxer-ogg: 62fdf1f143b41e24485cea50d1cbac27 -> 
  custom:video-encoder-webm-vp8: eb34c28f22e8b96e1ab97ce403110664 -> 
  custom:video-codec-MediaFoundation-h265: 746d11721c4dcdbdad8f713fa42b33f4 -> 
  custom:video-decoder-webm-vp8: 9c59270c3fd7afecdb556c50c9e8de78 -> 
  custom:audio-decoder-ogg-vorbis: bf7c407c2cedff20999df2af8eb42d56 -> 
  custom:audio-encoder-webm-vorbis: bf7c407c2cedff20999df2af8eb42d56 -> 
========================================================================
Received Import Request.
  Time since last request: 219.427515 seconds.
  path: Assets/Scripts/DragDrop.cs
  artifactKey: Guid(9d1e234b18b6b0e48a0bd53251de43fc) Importer(815301076,1909f56bfc062723c751e8b465ee728b)
Start importing Assets/Scripts/DragDrop.cs using Guid(9d1e234b18b6b0e48a0bd53251de43fc) Importer(815301076,1909f56bfc062723c751e8b465ee728b)  -> (artifact id: '2e2cd066865e43b6f002fd5c22dc51c3') in 0.042416 seconds 
========================================================================
Received Import Request.
  Time since last request: 8.977592 seconds.
  path: Assets/Scripts/EndTurn.cs
  artifactKey: Guid(793ce20621ea2594890e6d349620cce8) Importer(815301076,1909f56bfc062723c751e8b465ee728b)
Start importing Assets/Scripts/EndTurn.cs using Guid(793ce20621ea2594890e6d349620cce8) Importer(815301076,1909f56bfc062723c751e8b465ee728b)  -> (artifact id: '1d108474c3fedf3d61e0f59cae0dd163') in 0.006482 seconds 
========================================================================
Received Prepare
Registering precompiled user dll's ...
Registered in 0.002173 seconds.
Begin MonoManager ReloadAssembly
Native extension for WindowsStandalone target not found
Refreshing native plugins compatible for Editor in 0.55 ms, found 2 plugins.
Preloading 0 native plugins for Editor in 0.00 ms.
Mono: successfully reloaded assembly
- Completed reload, in  0.657 seconds
Domain Reload Profiling:
	ReloadAssembly (657ms)
		BeginReloadAssembly (87ms)
			ExecutionOrderSort (0ms)
			DisableScriptedObjects (2ms)
			BackupInstance (0ms)
			ReleaseScriptingObjects (0ms)
			CreateAndSetChildDomain (19ms)
		EndReloadAssembly (523ms)
			LoadAssemblies (78ms)
			RebuildTransferFunctionScriptingTraits (0ms)
			SetupTypeCache (162ms)
			ReleaseScriptCaches (1ms)
			RebuildScriptCaches (21ms)
			SetupLoadedEditorAssemblies (228ms)
				LogAssemblyErrors (0ms)
				InitializePlatformSupportModulesInManaged (4ms)
				SetLoadedEditorAssemblies (0ms)
				RefreshPlugins (1ms)
				BeforeProcessingInitializeOnLoad (37ms)
				ProcessInitializeOnLoadAttributes (166ms)
				ProcessInitializeOnLoadMethodAttributes (11ms)
				AfterProcessingInitializeOnLoad (10ms)
				EditorAssembliesLoaded (0ms)
			ExecutionOrderSort2 (0ms)
			AwakeInstancesAfterBackupRestoration (1ms)
Platform modules already initialized, skipping
Refreshing native plugins compatible for Editor in 0.47 ms, found 2 plugins.
Preloading 0 native plugins for Editor in 0.00 ms.
Unloading 1657 Unused Serialized files (Serialized files now loaded: 0)
System memory in use before: 77.6 MB.
System memory in use after: 77.7 MB.

Unloading 17 unused Assets to reduce memory usage. Loaded Objects now: 2099.
Total: 1.697600 ms (FindLiveObjects: 0.071900 ms CreateObjectMapping: 0.024800 ms MarkObjects: 1.554700 ms  DeleteObjects: 0.045700 ms)

AssetImportParameters requested are different than current active one (requested -> active):
  custom:framework-win-MediaFoundation: 216162199b28c13a410421893ffa2e32 -> 
  custom:video-decoder-ogg-theora: a1e56fd34408186e4bbccfd4996cb3dc -> 
  custom:container-muxer-webm: aa71ff27fc2769a1b78a27578f13a17b -> 
  custom:container-demuxer-webm: 4f35f7cbe854078d1ac9338744f61a02 -> 
  custom:container-demuxer-ogg: 62fdf1f143b41e24485cea50d1cbac27 -> 
  custom:video-encoder-webm-vp8: eb34c28f22e8b96e1ab97ce403110664 -> 
  custom:video-codec-MediaFoundation-h265: 746d11721c4dcdbdad8f713fa42b33f4 -> 
  custom:video-decoder-webm-vp8: 9c59270c3fd7afecdb556c50c9e8de78 -> 
  custom:audio-decoder-ogg-vorbis: bf7c407c2cedff20999df2af8eb42d56 -> 
  custom:audio-encoder-webm-vorbis: bf7c407c2cedff20999df2af8eb42d56 -> 
========================================================================
Received Import Request.
  Time since last request: 2145.544583 seconds.
  path: Assets/Prefabs/Background.prefab
  artifactKey: Guid(c1a87f3fe44496448b2a472dc20db999) Importer(815301076,1909f56bfc062723c751e8b465ee728b)
Start importing Assets/Prefabs/Background.prefab using Guid(c1a87f3fe44496448b2a472dc20db999) Importer(815301076,1909f56bfc062723c751e8b465ee728b)  -> (artifact id: '4a6bb30d7953fcca4d862aa51f63d5eb') in 0.023655 seconds 
========================================================================
Received Import Request.
  Time since last request: 0.000278 seconds.
  path: Assets/Prefabs/Button.prefab
  artifactKey: Guid(f037cd2f1a7faa146b1210eba8f9e06b) Importer(815301076,1909f56bfc062723c751e8b465ee728b)
Start importing Assets/Prefabs/Button.prefab using Guid(f037cd2f1a7faa146b1210eba8f9e06b) Importer(815301076,1909f56bfc062723c751e8b465ee728b)  -> (artifact id: '83a7172fa86c8df06d7cd09124d81f3e') in 0.022005 seconds 
========================================================================
Received Import Request.
  Time since last request: 0.000245 seconds.
  path: Assets/Prefabs/EnemyPlayArea.prefab
  artifactKey: Guid(6d8f8b6ea9adebe448391477acb830a1) Importer(815301076,1909f56bfc062723c751e8b465ee728b)
Start importing Assets/Prefabs/EnemyPlayArea.prefab using Guid(6d8f8b6ea9adebe448391477acb830a1) Importer(815301076,1909f56bfc062723c751e8b465ee728b)  -> (artifact id: 'd41950b37a2419261a7193e7c0834735') in 0.006356 seconds 
========================================================================
Received Import Request.
  Time since last request: 0.000174 seconds.
  path: Assets/Prefabs/BattleField.prefab
  artifactKey: Guid(724b7af486aa3a244a690978a1c22d81) Importer(815301076,1909f56bfc062723c751e8b465ee728b)
Start importing Assets/Prefabs/BattleField.prefab using Guid(724b7af486aa3a244a690978a1c22d81) Importer(815301076,1909f56bfc062723c751e8b465ee728b)  -> (artifact id: 'e4351c67d4255ed50cdd2d21da797af2') in 0.006547 seconds 
========================================================================
Received Import Request.
  Time since last request: 0.000124 seconds.
  path: Assets/Prefabs/EnemyHandArea.prefab
  artifactKey: Guid(5c1d72b5e7dc2dd49bc4d1ffa0a104df) Importer(815301076,1909f56bfc062723c751e8b465ee728b)
Start importing Assets/Prefabs/EnemyHandArea.prefab using Guid(5c1d72b5e7dc2dd49bc4d1ffa0a104df) Importer(815301076,1909f56bfc062723c751e8b465ee728b)  -> (artifact id: '8b023f407edf2aead7326c5387deae5d') in 0.005908 seconds 
========================================================================
Received Import Request.
  Time since last request: 0.000264 seconds.
  path: Assets/Prefabs/HandArea.prefab
  artifactKey: Guid(cf43eb511cac5e149b65bc9022a69b73) Importer(815301076,1909f56bfc062723c751e8b465ee728b)
Start importing Assets/Prefabs/HandArea.prefab using Guid(cf43eb511cac5e149b65bc9022a69b73) Importer(815301076,1909f56bfc062723c751e8b465ee728b)  -> (artifact id: '5b5c04c183a66773a1a7c1da8b7f6c66') in 0.006726 seconds 
========================================================================
Received Import Request.
  Time since last request: 0.000202 seconds.
  path: Assets/Prefabs/EnemyBattleField.prefab
  artifactKey: Guid(4a3521f8b40050f4c8473200da233a0c) Importer(815301076,1909f56bfc062723c751e8b465ee728b)
Start importing Assets/Prefabs/EnemyBattleField.prefab using Guid(4a3521f8b40050f4c8473200da233a0c) Importer(815301076,1909f56bfc062723c751e8b465ee728b)  -> (artifact id: 'b9c2775f29ab0b0c0b8769944667adf5') in 0.005921 seconds 
========================================================================
Received Import Request.
  Time since last request: 0.000180 seconds.
  path: Assets/Prefabs/PlayArea.prefab
  artifactKey: Guid(4be0784ddad54794daa5cfb1c788ca4b) Importer(815301076,1909f56bfc062723c751e8b465ee728b)
Start importing Assets/Prefabs/PlayArea.prefab using Guid(4be0784ddad54794daa5cfb1c788ca4b) Importer(815301076,1909f56bfc062723c751e8b465ee728b)  -> (artifact id: '0d42b026397dbc1e1b382169b97292d7') in 0.007718 seconds 
========================================================================
Received Import Request.
  Time since last request: 0.000142 seconds.
  path: Assets/Prefabs/Card.prefab
  artifactKey: Guid(0b0ec7ac11af1a64aad9ca8b79265c69) Importer(815301076,1909f56bfc062723c751e8b465ee728b)
Start importing Assets/Prefabs/Card.prefab using Guid(0b0ec7ac11af1a64aad9ca8b79265c69) Importer(815301076,1909f56bfc062723c751e8b465ee728b)  -> (artifact id: '73ac6a998f6296f488e45eb981cc415e') in 0.006360 seconds 
========================================================================
Received Import Request.
  Time since last request: 11.803946 seconds.
  path: Assets/Prefabs/Card.prefab
  artifactKey: Guid(0b0ec7ac11af1a64aad9ca8b79265c69) Importer(815301076,1909f56bfc062723c751e8b465ee728b)
Start importing Assets/Prefabs/Card.prefab using Guid(0b0ec7ac11af1a64aad9ca8b79265c69) Importer(815301076,1909f56bfc062723c751e8b465ee728b)  -> (artifact id: 'e37c63771a4eedd1dc2a45ebc4c65cbf') in 0.003634 seconds 
========================================================================
Received Import Request.
  Time since last request: 0.788795 seconds.
  path: Assets/Prefabs/Card.prefab
  artifactKey: Guid(0b0ec7ac11af1a64aad9ca8b79265c69) Importer(815301076,1909f56bfc062723c751e8b465ee728b)
Start importing Assets/Prefabs/Card.prefab using Guid(0b0ec7ac11af1a64aad9ca8b79265c69) Importer(815301076,1909f56bfc062723c751e8b465ee728b)  -> (artifact id: '8ae83f1d86f2b18beda033cbcf4179e5') in 0.003121 seconds 
========================================================================
Received Import Request.
  Time since last request: 3.691238 seconds.
  path: Assets/Prefabs/Card.prefab
  artifactKey: Guid(0b0ec7ac11af1a64aad9ca8b79265c69) Importer(815301076,1909f56bfc062723c751e8b465ee728b)
Start importing Assets/Prefabs/Card.prefab using Guid(0b0ec7ac11af1a64aad9ca8b79265c69) Importer(815301076,1909f56bfc062723c751e8b465ee728b)  -> (artifact id: '2cd8a5c36bc80fbf2981b235d5000c8f') in 0.003492 seconds 
========================================================================
Received Import Request.
  Time since last request: 864.541769 seconds.
  path: Assets/Mirror/Examples/Pong/Prefabs/Ball.prefab
  artifactKey: Guid(5f7a7f34494ed40268eff49dbf9168bf) Importer(815301076,1909f56bfc062723c751e8b465ee728b)
Start importing Assets/Mirror/Examples/Pong/Prefabs/Ball.prefab using Guid(5f7a7f34494ed40268eff49dbf9168bf) Importer(815301076,1909f56bfc062723c751e8b465ee728b)  -> (artifact id: '898a60b131dfca5b53137044fcc2d496') in 0.088844 seconds 
========================================================================
Received Import Request.
  Time since last request: 0.000199 seconds.
  path: Assets/Mirror/Examples/AdditiveLevels/Prefabs/Cube.prefab
  artifactKey: Guid(7c6a0a278eba11e44b9a86cd4da603df) Importer(815301076,1909f56bfc062723c751e8b465ee728b)
Start importing Assets/Mirror/Examples/AdditiveLevels/Prefabs/Cube.prefab using Guid(7c6a0a278eba11e44b9a86cd4da603df) Importer(815301076,1909f56bfc062723c751e8b465ee728b)  -> (artifact id: 'f0f6fa452790bfd9b22a6c4e81ab9ab6') in 0.213125 seconds 
========================================================================
Received Import Request.
  Time since last request: 0.000164 seconds.
  path: Assets/Mirror/Examples/AdditiveScenes/Prefabs/Capsule.prefab
  artifactKey: Guid(e1971f4a8c7661546bc509b44bd91b80) Importer(815301076,1909f56bfc062723c751e8b465ee728b)
Start importing Assets/Mirror/Examples/AdditiveScenes/Prefabs/Capsule.prefab using Guid(e1971f4a8c7661546bc509b44bd91b80) Importer(815301076,1909f56bfc062723c751e8b465ee728b)  -> (artifact id: '6146407d070fd79912e809668a3d7509') in 0.019674 seconds 
========================================================================
Received Import Request.
  Time since last request: 0.000152 seconds.
  path: Assets/Mirror/Examples/MultipleMatches/Prefabs/CellGUI.prefab
  artifactKey: Guid(5ab8c221183f0094eb04b7f6eb569e7b) Importer(815301076,1909f56bfc062723c751e8b465ee728b)
Start importing Assets/Mirror/Examples/MultipleMatches/Prefabs/CellGUI.prefab using Guid(5ab8c221183f0094eb04b7f6eb569e7b) Importer(815301076,1909f56bfc062723c751e8b465ee728b)  -> (artifact id: 'f9138699a10006869da859b5ef82b788') in 0.010876 seconds 
========================================================================
Received Import Request.
  Time since last request: 37.782170 seconds.
  path: Assets/Prefabs/Card.prefab
  artifactKey: Guid(0b0ec7ac11af1a64aad9ca8b79265c69) Importer(815301076,1909f56bfc062723c751e8b465ee728b)
Start importing Assets/Prefabs/Card.prefab using Guid(0b0ec7ac11af1a64aad9ca8b79265c69) Importer(815301076,1909f56bfc062723c751e8b465ee728b)  -> (artifact id: '855a04c82826ba375c8ec8d1315fb29f') in 0.003179 seconds 
========================================================================
Received Import Request.
  Time since last request: 10.733603 seconds.
  path: Assets/Prefabs/Card.prefab
  artifactKey: Guid(0b0ec7ac11af1a64aad9ca8b79265c69) Importer(815301076,1909f56bfc062723c751e8b465ee728b)
Start importing Assets/Prefabs/Card.prefab using Guid(0b0ec7ac11af1a64aad9ca8b79265c69) Importer(815301076,1909f56bfc062723c751e8b465ee728b)  -> (artifact id: '589b875bfd69223451dc32d4277abab4') in 0.003190 seconds 
========================================================================
Received Import Request.
  Time since last request: 102.789850 seconds.
  path: Assets/Prefabs/Card.prefab
  artifactKey: Guid(0b0ec7ac11af1a64aad9ca8b79265c69) Importer(815301076,1909f56bfc062723c751e8b465ee728b)
Start importing Assets/Prefabs/Card.prefab using Guid(0b0ec7ac11af1a64aad9ca8b79265c69) Importer(815301076,1909f56bfc062723c751e8b465ee728b)  -> (artifact id: '6577bc7fccf9a6f85c4c3b941377fcf3') in 0.003472 seconds 
========================================================================
Received Import Request.
  Time since last request: 25.532285 seconds.
  path: Assets/Prefabs/Card.prefab
  artifactKey: Guid(0b0ec7ac11af1a64aad9ca8b79265c69) Importer(815301076,1909f56bfc062723c751e8b465ee728b)
Start importing Assets/Prefabs/Card.prefab using Guid(0b0ec7ac11af1a64aad9ca8b79265c69) Importer(815301076,1909f56bfc062723c751e8b465ee728b)  -> (artifact id: '33cf1efb90f039de6d9469d8283b0efa') in 0.014479 seconds 
========================================================================
Received Import Request.
  Time since last request: 214.637501 seconds.
  path: Assets/Prefabs/Card.prefab
  artifactKey: Guid(0b0ec7ac11af1a64aad9ca8b79265c69) Importer(815301076,1909f56bfc062723c751e8b465ee728b)
Start importing Assets/Prefabs/Card.prefab using Guid(0b0ec7ac11af1a64aad9ca8b79265c69) Importer(815301076,1909f56bfc062723c751e8b465ee728b)  -> (artifact id: 'b0d7631239fa386c1e577cd7a1d5e79d') in 0.003718 seconds 
========================================================================
Received Import Request.
  Time since last request: 2420.044419 seconds.
  path: Assets/Scripts/CardGenerator.cs
  artifactKey: Guid(0ec753df51c705d44a68a268fd6b6f54) Importer(815301076,1909f56bfc062723c751e8b465ee728b)
Start importing Assets/Scripts/CardGenerator.cs using Guid(0ec753df51c705d44a68a268fd6b6f54) Importer(815301076,1909f56bfc062723c751e8b465ee728b)  -> (artifact id: '7a90f719a8d36d2de4e9d6c8fda2c0ae') in 0.007358 seconds 
========================================================================
Received Prepare
Registering precompiled user dll's ...
Registered in 0.002299 seconds.
Begin MonoManager ReloadAssembly
Native extension for WindowsStandalone target not found
Refreshing native plugins compatible for Editor in 0.51 ms, found 2 plugins.
Preloading 0 native plugins for Editor in 0.00 ms.
Mono: successfully reloaded assembly
- Completed reload, in  0.598 seconds
Domain Reload Profiling:
	ReloadAssembly (598ms)
		BeginReloadAssembly (118ms)
			ExecutionOrderSort (0ms)
			DisableScriptedObjects (3ms)
			BackupInstance (0ms)
			ReleaseScriptingObjects (0ms)
			CreateAndSetChildDomain (33ms)
		EndReloadAssembly (439ms)
			LoadAssemblies (88ms)
			RebuildTransferFunctionScriptingTraits (0ms)
			SetupTypeCache (147ms)
			ReleaseScriptCaches (1ms)
			RebuildScriptCaches (18ms)
			SetupLoadedEditorAssemblies (170ms)
				LogAssemblyErrors (0ms)
				InitializePlatformSupportModulesInManaged (4ms)
				SetLoadedEditorAssemblies (0ms)
				RefreshPlugins (1ms)
				BeforeProcessingInitializeOnLoad (34ms)
				ProcessInitializeOnLoadAttributes (114ms)
				ProcessInitializeOnLoadMethodAttributes (10ms)
				AfterProcessingInitializeOnLoad (8ms)
				EditorAssembliesLoaded (0ms)
			ExecutionOrderSort2 (0ms)
			AwakeInstancesAfterBackupRestoration (1ms)
Platform modules already initialized, skipping
Refreshing native plugins compatible for Editor in 0.47 ms, found 2 plugins.
Preloading 0 native plugins for Editor in 0.00 ms.
Unloading 1658 Unused Serialized files (Serialized files now loaded: 0)
System memory in use before: 80.9 MB.
System memory in use after: 81.0 MB.

Unloading 18 unused Assets to reduce memory usage. Loaded Objects now: 2115.
Total: 1.904500 ms (FindLiveObjects: 0.070600 ms CreateObjectMapping: 0.022300 ms MarkObjects: 1.759700 ms  DeleteObjects: 0.051300 ms)

AssetImportParameters requested are different than current active one (requested -> active):
  custom:framework-win-MediaFoundation: 216162199b28c13a410421893ffa2e32 -> 
  custom:video-decoder-ogg-theora: a1e56fd34408186e4bbccfd4996cb3dc -> 
  custom:container-muxer-webm: aa71ff27fc2769a1b78a27578f13a17b -> 
  custom:container-demuxer-webm: 4f35f7cbe854078d1ac9338744f61a02 -> 
  custom:container-demuxer-ogg: 62fdf1f143b41e24485cea50d1cbac27 -> 
  custom:video-encoder-webm-vp8: eb34c28f22e8b96e1ab97ce403110664 -> 
  custom:video-codec-MediaFoundation-h265: 746d11721c4dcdbdad8f713fa42b33f4 -> 
  custom:video-decoder-webm-vp8: 9c59270c3fd7afecdb556c50c9e8de78 -> 
  custom:audio-decoder-ogg-vorbis: bf7c407c2cedff20999df2af8eb42d56 -> 
  custom:audio-encoder-webm-vorbis: bf7c407c2cedff20999df2af8eb42d56 -> 
========================================================================
Received Import Request.
  Time since last request: 852.415738 seconds.
  path: Assets/Scripts/CardGenerator.cs
  artifactKey: Guid(0ec753df51c705d44a68a268fd6b6f54) Importer(815301076,1909f56bfc062723c751e8b465ee728b)
Start importing Assets/Scripts/CardGenerator.cs using Guid(0ec753df51c705d44a68a268fd6b6f54) Importer(815301076,1909f56bfc062723c751e8b465ee728b)  -> (artifact id: '4c0032add9b323c92abe4902a34ba4ec') in 0.009539 seconds 
========================================================================
Received Import Request.
  Time since last request: 74.601955 seconds.
  path: Assets/Scripts
  artifactKey: Guid(719742a1a6dd68e45bf4c1351b195911) Importer(815301076,1909f56bfc062723c751e8b465ee728b)
Start importing Assets/Scripts using Guid(719742a1a6dd68e45bf4c1351b195911) Importer(815301076,1909f56bfc062723c751e8b465ee728b)  -> (artifact id: '9d2ed03af9a697fb782c85321ab5e6cf') in 0.005166 seconds 
========================================================================
Received Import Request.
  Time since last request: 11.026764 seconds.
  path: Assets/Scripts/CardComponent.cs
  artifactKey: Guid(afd31116a95a7e04c89437bf71187cc6) Importer(815301076,1909f56bfc062723c751e8b465ee728b)
Start importing Assets/Scripts/CardComponent.cs using Guid(afd31116a95a7e04c89437bf71187cc6) Importer(815301076,1909f56bfc062723c751e8b465ee728b)  -> (artifact id: 'abb289b24955697fa064858974483a70') in 0.007688 seconds 
========================================================================
Received Prepare
Registering precompiled user dll's ...
Registered in 0.002151 seconds.
Begin MonoManager ReloadAssembly
Native extension for WindowsStandalone target not found
Refreshing native plugins compatible for Editor in 0.52 ms, found 2 plugins.
Preloading 0 native plugins for Editor in 0.00 ms.
Mono: successfully reloaded assembly
- Completed reload, in  0.593 seconds
Domain Reload Profiling:
	ReloadAssembly (593ms)
		BeginReloadAssembly (94ms)
			ExecutionOrderSort (0ms)
			DisableScriptedObjects (3ms)
			BackupInstance (0ms)
			ReleaseScriptingObjects (0ms)
			CreateAndSetChildDomain (23ms)
		EndReloadAssembly (457ms)
			LoadAssemblies (79ms)
			RebuildTransferFunctionScriptingTraits (0ms)
			SetupTypeCache (149ms)
			ReleaseScriptCaches (1ms)
			RebuildScriptCaches (21ms)
			SetupLoadedEditorAssemblies (177ms)
				LogAssemblyErrors (0ms)
				InitializePlatformSupportModulesInManaged (3ms)
				SetLoadedEditorAssemblies (0ms)
				RefreshPlugins (1ms)
				BeforeProcessingInitializeOnLoad (34ms)
				ProcessInitializeOnLoadAttributes (120ms)
				ProcessInitializeOnLoadMethodAttributes (9ms)
				AfterProcessingInitializeOnLoad (9ms)
				EditorAssembliesLoaded (0ms)
			ExecutionOrderSort2 (0ms)
			AwakeInstancesAfterBackupRestoration (1ms)
Platform modules already initialized, skipping
Refreshing native plugins compatible for Editor in 0.51 ms, found 2 plugins.
Preloading 0 native plugins for Editor in 0.00 ms.
Unloading 1659 Unused Serialized files (Serialized files now loaded: 0)
System memory in use before: 80.9 MB.
System memory in use after: 81.0 MB.

Unloading 17 unused Assets to reduce memory usage. Loaded Objects now: 2119.
Total: 1.604500 ms (FindLiveObjects: 0.072000 ms CreateObjectMapping: 0.020500 ms MarkObjects: 1.469200 ms  DeleteObjects: 0.042200 ms)

AssetImportParameters requested are different than current active one (requested -> active):
  custom:framework-win-MediaFoundation: 216162199b28c13a410421893ffa2e32 -> 
  custom:video-decoder-ogg-theora: a1e56fd34408186e4bbccfd4996cb3dc -> 
  custom:container-muxer-webm: aa71ff27fc2769a1b78a27578f13a17b -> 
  custom:container-demuxer-webm: 4f35f7cbe854078d1ac9338744f61a02 -> 
  custom:container-demuxer-ogg: 62fdf1f143b41e24485cea50d1cbac27 -> 
  custom:video-encoder-webm-vp8: eb34c28f22e8b96e1ab97ce403110664 -> 
  custom:video-codec-MediaFoundation-h265: 746d11721c4dcdbdad8f713fa42b33f4 -> 
  custom:video-decoder-webm-vp8: 9c59270c3fd7afecdb556c50c9e8de78 -> 
  custom:audio-decoder-ogg-vorbis: bf7c407c2cedff20999df2af8eb42d56 -> 
  custom:audio-encoder-webm-vorbis: bf7c407c2cedff20999df2af8eb42d56 -> 
========================================================================
Received Import Request.
  Time since last request: 82.326421 seconds.
  path: Assets/Prefabs/Card.prefab
  artifactKey: Guid(0b0ec7ac11af1a64aad9ca8b79265c69) Importer(815301076,1909f56bfc062723c751e8b465ee728b)
Start importing Assets/Prefabs/Card.prefab using Guid(0b0ec7ac11af1a64aad9ca8b79265c69) Importer(815301076,1909f56bfc062723c751e8b465ee728b)  -> (artifact id: '15612a3fcb096797a3e2fd5596c81780') in 0.024891 seconds 
========================================================================
Received Import Request.
  Time since last request: 4.095436 seconds.
  path: Assets/Prefabs/Card.prefab
  artifactKey: Guid(0b0ec7ac11af1a64aad9ca8b79265c69) Importer(815301076,1909f56bfc062723c751e8b465ee728b)
Start importing Assets/Prefabs/Card.prefab using Guid(0b0ec7ac11af1a64aad9ca8b79265c69) Importer(815301076,1909f56bfc062723c751e8b465ee728b)  -> (artifact id: 'ccd0b0c12daedfa5a03bf3cb647d190f') in 0.003380 seconds 
========================================================================
Received Import Request.
  Time since last request: 2.445198 seconds.
  path: Assets/Prefabs/Card.prefab
  artifactKey: Guid(0b0ec7ac11af1a64aad9ca8b79265c69) Importer(815301076,1909f56bfc062723c751e8b465ee728b)
Start importing Assets/Prefabs/Card.prefab using Guid(0b0ec7ac11af1a64aad9ca8b79265c69) Importer(815301076,1909f56bfc062723c751e8b465ee728b)  -> (artifact id: 'c29fbc232f7aab671d13eec6b75ecb44') in 0.007677 seconds 
========================================================================
Received Import Request.
  Time since last request: 2.254973 seconds.
  path: Assets/Prefabs/Card.prefab
  artifactKey: Guid(0b0ec7ac11af1a64aad9ca8b79265c69) Importer(815301076,1909f56bfc062723c751e8b465ee728b)
Start importing Assets/Prefabs/Card.prefab using Guid(0b0ec7ac11af1a64aad9ca8b79265c69) Importer(815301076,1909f56bfc062723c751e8b465ee728b)  -> (artifact id: 'b5f77c19e06ca2ddafe8f247e85cf0cc') in 0.002800 seconds 
========================================================================
Received Import Request.
  Time since last request: 2.393682 seconds.
  path: Assets/Prefabs/Card.prefab
  artifactKey: Guid(0b0ec7ac11af1a64aad9ca8b79265c69) Importer(815301076,1909f56bfc062723c751e8b465ee728b)
Start importing Assets/Prefabs/Card.prefab using Guid(0b0ec7ac11af1a64aad9ca8b79265c69) Importer(815301076,1909f56bfc062723c751e8b465ee728b)  -> (artifact id: '6bedc9cf4728070eefa3c6245c3eba4e') in 0.003155 seconds 
========================================================================
Received Import Request.
  Time since last request: 7.641662 seconds.
  path: Assets/Prefabs/Card.prefab
  artifactKey: Guid(0b0ec7ac11af1a64aad9ca8b79265c69) Importer(815301076,1909f56bfc062723c751e8b465ee728b)
Start importing Assets/Prefabs/Card.prefab using Guid(0b0ec7ac11af1a64aad9ca8b79265c69) Importer(815301076,1909f56bfc062723c751e8b465ee728b)  -> (artifact id: '7a3640c09dcf937c337bb45480c41e0f') in 0.007676 seconds 
========================================================================
Received Import Request.
  Time since last request: 41.249035 seconds.
  path: Assets/Prefabs/Card.prefab
  artifactKey: Guid(0b0ec7ac11af1a64aad9ca8b79265c69) Importer(815301076,1909f56bfc062723c751e8b465ee728b)
Start importing Assets/Prefabs/Card.prefab using Guid(0b0ec7ac11af1a64aad9ca8b79265c69) Importer(815301076,1909f56bfc062723c751e8b465ee728b)  -> (artifact id: 'e21606d82e85ce097c1add5e9990f3ef') in 0.003227 seconds 
========================================================================
Received Prepare
Registering precompiled user dll's ...
Registered in 0.002288 seconds.
Begin MonoManager ReloadAssembly
Native extension for WindowsStandalone target not found
Refreshing native plugins compatible for Editor in 0.46 ms, found 2 plugins.
Preloading 0 native plugins for Editor in 0.00 ms.
Mono: successfully reloaded assembly
- Completed reload, in  0.559 seconds
Domain Reload Profiling:
	ReloadAssembly (560ms)
		BeginReloadAssembly (89ms)
			ExecutionOrderSort (0ms)
			DisableScriptedObjects (2ms)
			BackupInstance (0ms)
			ReleaseScriptingObjects (0ms)
			CreateAndSetChildDomain (19ms)
		EndReloadAssembly (426ms)
			LoadAssemblies (76ms)
			RebuildTransferFunctionScriptingTraits (0ms)
			SetupTypeCache (145ms)
			ReleaseScriptCaches (1ms)
			RebuildScriptCaches (19ms)
			SetupLoadedEditorAssemblies (163ms)
				LogAssemblyErrors (0ms)
				InitializePlatformSupportModulesInManaged (3ms)
				SetLoadedEditorAssemblies (0ms)
				RefreshPlugins (0ms)
				BeforeProcessingInitializeOnLoad (32ms)
				ProcessInitializeOnLoadAttributes (109ms)
				ProcessInitializeOnLoadMethodAttributes (10ms)
				AfterProcessingInitializeOnLoad (8ms)
				EditorAssembliesLoaded (0ms)
			ExecutionOrderSort2 (0ms)
			AwakeInstancesAfterBackupRestoration (1ms)
Platform modules already initialized, skipping
Refreshing native plugins compatible for Editor in 0.48 ms, found 2 plugins.
Preloading 0 native plugins for Editor in 0.00 ms.
Unloading 1659 Unused Serialized files (Serialized files now loaded: 0)
System memory in use before: 80.9 MB.
System memory in use after: 81.0 MB.

Unloading 17 unused Assets to reduce memory usage. Loaded Objects now: 2122.
Total: 1.816800 ms (FindLiveObjects: 0.088300 ms CreateObjectMapping: 0.020800 ms MarkObjects: 1.659400 ms  DeleteObjects: 0.047700 ms)

AssetImportParameters requested are different than current active one (requested -> active):
  custom:framework-win-MediaFoundation: 216162199b28c13a410421893ffa2e32 -> 
  custom:video-decoder-ogg-theora: a1e56fd34408186e4bbccfd4996cb3dc -> 
  custom:container-muxer-webm: aa71ff27fc2769a1b78a27578f13a17b -> 
  custom:container-demuxer-webm: 4f35f7cbe854078d1ac9338744f61a02 -> 
  custom:container-demuxer-ogg: 62fdf1f143b41e24485cea50d1cbac27 -> 
  custom:video-encoder-webm-vp8: eb34c28f22e8b96e1ab97ce403110664 -> 
  custom:video-codec-MediaFoundation-h265: 746d11721c4dcdbdad8f713fa42b33f4 -> 
  custom:video-decoder-webm-vp8: 9c59270c3fd7afecdb556c50c9e8de78 -> 
  custom:audio-decoder-ogg-vorbis: bf7c407c2cedff20999df2af8eb42d56 -> 
  custom:audio-encoder-webm-vorbis: bf7c407c2cedff20999df2af8eb42d56 -> 
========================================================================
Received Import Request.
  Time since last request: 103.356109 seconds.
  path: Assets/Prefabs/Card.prefab
  artifactKey: Guid(0b0ec7ac11af1a64aad9ca8b79265c69) Importer(815301076,1909f56bfc062723c751e8b465ee728b)
Start importing Assets/Prefabs/Card.prefab using Guid(0b0ec7ac11af1a64aad9ca8b79265c69) Importer(815301076,1909f56bfc062723c751e8b465ee728b)  -> (artifact id: '766dd5931b9f5722673139bd61ff3649') in 0.018009 seconds 
========================================================================
Received Import Request.
  Time since last request: 9.366703 seconds.
  path: Assets/Mirror/Examples/AdditiveScenes/Prefabs/Cube.prefab
  artifactKey: Guid(4ff300cf6bb3c6342a9552c4f18788c8) Importer(815301076,1909f56bfc062723c751e8b465ee728b)
Start importing Assets/Mirror/Examples/AdditiveScenes/Prefabs/Cube.prefab using Guid(4ff300cf6bb3c6342a9552c4f18788c8) Importer(815301076,1909f56bfc062723c751e8b465ee728b)  -> (artifact id: '660114ec8742d851305516149757814d') in 0.062376 seconds 
========================================================================
Received Import Request.
  Time since last request: 0.000240 seconds.
  path: Assets/Mirror/Examples/AdditiveScenes/Prefabs/Cylinder.prefab
  artifactKey: Guid(12a4c14e672c00b4b840f937d824b890) Importer(815301076,1909f56bfc062723c751e8b465ee728b)
Start importing Assets/Mirror/Examples/AdditiveScenes/Prefabs/Cylinder.prefab using Guid(12a4c14e672c00b4b840f937d824b890) Importer(815301076,1909f56bfc062723c751e8b465ee728b)  -> (artifact id: 'df93b7ce34e052e445d113c899af8b1f') in 0.019237 seconds 
========================================================================
Received Import Request.
  Time since last request: 1.679858 seconds.
  path: Assets/Prefabs/Card.prefab
  artifactKey: Guid(0b0ec7ac11af1a64aad9ca8b79265c69) Importer(815301076,1909f56bfc062723c751e8b465ee728b)
Start importing Assets/Prefabs/Card.prefab using Guid(0b0ec7ac11af1a64aad9ca8b79265c69) Importer(815301076,1909f56bfc062723c751e8b465ee728b)  -> (artifact id: '08dbdcf2b627a4a1e9d269d90d5a0d2b') in 0.002862 seconds 
========================================================================
Received Import Request.
  Time since last request: 16.264950 seconds.
  path: Assets/Prefabs/Card.prefab
  artifactKey: Guid(0b0ec7ac11af1a64aad9ca8b79265c69) Importer(815301076,1909f56bfc062723c751e8b465ee728b)
Start importing Assets/Prefabs/Card.prefab using Guid(0b0ec7ac11af1a64aad9ca8b79265c69) Importer(815301076,1909f56bfc062723c751e8b465ee728b)  -> (artifact id: '0e408aed9ba99cf773a092d2972dbfbe') in 0.002950 seconds 
========================================================================
Received Import Request.
  Time since last request: 2848.237149 seconds.
  path: Assets/Scripts/CardGenerator.cs
  artifactKey: Guid(0ec753df51c705d44a68a268fd6b6f54) Importer(815301076,1909f56bfc062723c751e8b465ee728b)
Start importing Assets/Scripts/CardGenerator.cs using Guid(0ec753df51c705d44a68a268fd6b6f54) Importer(815301076,1909f56bfc062723c751e8b465ee728b)  -> (artifact id: '8866d1046695f29cba7d70831f7fc838') in 0.006277 seconds 
========================================================================
Received Import Request.
  Time since last request: 4.901794 seconds.
  path: Assets/Scripts/CardDragHandler.cs
  artifactKey: Guid(42b2165d50a361147a3a03cbf91d5f3c) Importer(815301076,1909f56bfc062723c751e8b465ee728b)
Start importing Assets/Scripts/CardDragHandler.cs using Guid(42b2165d50a361147a3a03cbf91d5f3c) Importer(815301076,1909f56bfc062723c751e8b465ee728b)  -> (artifact id: '9ef4e6d16cdbdc8fb6bd312514ea04a3') in 0.006418 seconds 
========================================================================
Received Import Request.
  Time since last request: 2.037428 seconds.
  path: Assets/Scripts/CardComponent.cs
  artifactKey: Guid(afd31116a95a7e04c89437bf71187cc6) Importer(815301076,1909f56bfc062723c751e8b465ee728b)
Start importing Assets/Scripts/CardComponent.cs using Guid(afd31116a95a7e04c89437bf71187cc6) Importer(815301076,1909f56bfc062723c751e8b465ee728b)  -> (artifact id: 'c3eda2def10c2cf084105d5dfec05332') in 0.006107 seconds 
========================================================================
Received Prepare
Registering precompiled user dll's ...
Registered in 0.002641 seconds.
Begin MonoManager ReloadAssembly
Native extension for WindowsStandalone target not found
Refreshing native plugins compatible for Editor in 0.45 ms, found 2 plugins.
Preloading 0 native plugins for Editor in 0.00 ms.
Mono: successfully reloaded assembly
- Completed reload, in  0.573 seconds
Domain Reload Profiling:
	ReloadAssembly (574ms)
		BeginReloadAssembly (101ms)
			ExecutionOrderSort (0ms)
			DisableScriptedObjects (3ms)
			BackupInstance (0ms)
			ReleaseScriptingObjects (0ms)
			CreateAndSetChildDomain (28ms)
		EndReloadAssembly (432ms)
			LoadAssemblies (79ms)
			RebuildTransferFunctionScriptingTraits (0ms)
			SetupTypeCache (144ms)
			ReleaseScriptCaches (1ms)
			RebuildScriptCaches (18ms)
			SetupLoadedEditorAssemblies (169ms)
				LogAssemblyErrors (0ms)
				InitializePlatformSupportModulesInManaged (3ms)
				SetLoadedEditorAssemblies (0ms)
				RefreshPlugins (0ms)
				BeforeProcessingInitializeOnLoad (33ms)
				ProcessInitializeOnLoadAttributes (114ms)
				ProcessInitializeOnLoadMethodAttributes (10ms)
				AfterProcessingInitializeOnLoad (8ms)
				EditorAssembliesLoaded (0ms)
			ExecutionOrderSort2 (0ms)
			AwakeInstancesAfterBackupRestoration (1ms)
Platform modules already initialized, skipping
Refreshing native plugins compatible for Editor in 0.48 ms, found 2 plugins.
Preloading 0 native plugins for Editor in 0.00 ms.
Unloading 1659 Unused Serialized files (Serialized files now loaded: 0)
System memory in use before: 81.0 MB.
System memory in use after: 81.1 MB.

Unloading 17 unused Assets to reduce memory usage. Loaded Objects now: 2127.
Total: 1.758800 ms (FindLiveObjects: 0.072200 ms CreateObjectMapping: 0.020700 ms MarkObjects: 1.619800 ms  DeleteObjects: 0.045600 ms)

AssetImportParameters requested are different than current active one (requested -> active):
  custom:framework-win-MediaFoundation: 216162199b28c13a410421893ffa2e32 -> 
  custom:video-decoder-ogg-theora: a1e56fd34408186e4bbccfd4996cb3dc -> 
  custom:container-muxer-webm: aa71ff27fc2769a1b78a27578f13a17b -> 
  custom:container-demuxer-webm: 4f35f7cbe854078d1ac9338744f61a02 -> 
  custom:container-demuxer-ogg: 62fdf1f143b41e24485cea50d1cbac27 -> 
  custom:video-encoder-webm-vp8: eb34c28f22e8b96e1ab97ce403110664 -> 
  custom:video-codec-MediaFoundation-h265: 746d11721c4dcdbdad8f713fa42b33f4 -> 
  custom:video-decoder-webm-vp8: 9c59270c3fd7afecdb556c50c9e8de78 -> 
  custom:audio-decoder-ogg-vorbis: bf7c407c2cedff20999df2af8eb42d56 -> 
  custom:audio-encoder-webm-vorbis: bf7c407c2cedff20999df2af8eb42d56 -> 
